[debug] [2020-05-31T10:17:58.349Z] ----------------------------------------------------------------------
[debug] [2020-05-31T10:17:58.350Z] Command:       /usr/local/bin/node /usr/local/bin/firebase deploy
[debug] [2020-05-31T10:17:58.351Z] CLI Version:   8.1.1
[debug] [2020-05-31T10:17:58.351Z] Platform:      linux
[debug] [2020-05-31T10:17:58.351Z] Node Version:  v13.5.0
[debug] [2020-05-31T10:17:58.351Z] Time:          Sun May 31 2020 15:47:58 GMT+0530 (India Standard Time)
[debug] [2020-05-31T10:17:58.351Z] ----------------------------------------------------------------------
[debug] [2020-05-31T10:17:58.351Z] 
[debug] [2020-05-31T10:17:58.356Z] > command requires scopes: ["email","openid","https://www.googleapis.com/auth/cloudplatformprojects.readonly","https://www.googleapis.com/auth/firebase","https://www.googleapis.com/auth/cloud-platform"]
[debug] [2020-05-31T10:17:58.356Z] > authorizing via signed-in user
[debug] [2020-05-31T10:17:58.356Z] [iam] checking project aakash-knlgum for permissions ["firebase.projects.get","firebasedatabase.instances.update","firebasehosting.sites.update"]
[debug] [2020-05-31T10:17:58.358Z] >>> HTTP REQUEST POST https://cloudresourcemanager.googleapis.com/v1/projects/aakash-knlgum:testIamPermissions  
 {"permissions":["firebase.projects.get","firebasedatabase.instances.update","firebasehosting.sites.update"]}
[debug] [2020-05-31T10:17:59.693Z] <<< HTTP RESPONSE 200 {"content-type":"application/json; charset=UTF-8","vary":"X-Origin, Referer, Origin,Accept-Encoding","date":"Sun, 31 May 2020 10:17:59 GMT","server":"ESF","cache-control":"private","x-xss-protection":"0","x-frame-options":"SAMEORIGIN","x-content-type-options":"nosniff","server-timing":"gfet4t7; dur=1162","alt-svc":"h3-27=\":443\"; ma=2592000,h3-25=\":443\"; ma=2592000,h3-T050=\":443\"; ma=2592000,h3-Q050=\":443\"; ma=2592000,h3-Q049=\":443\"; ma=2592000,h3-Q048=\":443\"; ma=2592000,h3-Q046=\":443\"; ma=2592000,h3-Q043=\":443\"; ma=2592000,quic=\":443\"; ma=2592000; v=\"46,43\"","accept-ranges":"none","transfer-encoding":"chunked"}
[debug] [2020-05-31T10:17:59.697Z] >>> HTTP REQUEST GET https://firebase.googleapis.com/v1beta1/projects/aakash-knlgum  
 
[debug] [2020-05-31T10:18:00.102Z] <<< HTTP RESPONSE 200 {"content-type":"application/json; charset=UTF-8","vary":"X-Origin, Referer, Origin,Accept-Encoding","date":"Sun, 31 May 2020 10:18:00 GMT","server":"ESF","cache-control":"private","x-xss-protection":"0","x-frame-options":"SAMEORIGIN","x-content-type-options":"nosniff","alt-svc":"h3-27=\":443\"; ma=2592000,h3-25=\":443\"; ma=2592000,h3-T050=\":443\"; ma=2592000,h3-Q050=\":443\"; ma=2592000,h3-Q049=\":443\"; ma=2592000,h3-Q048=\":443\"; ma=2592000,h3-Q046=\":443\"; ma=2592000,h3-Q043=\":443\"; ma=2592000,quic=\":443\"; ma=2592000; v=\"46,43\"","accept-ranges":"none","transfer-encoding":"chunked"}
[info] 
[info] === Deploying to 'aakash-knlgum'...
[info] 
[info] i  deploying database, hosting
[info] i  database: checking rules syntax...
[debug] [2020-05-31T10:18:00.112Z] >>> HTTP REQUEST PUT https://aakash-knlgum.firebaseio.com/.settings/rules.json?dryRun=true  
 {
  /* Visit https://firebase.google.com/docs/database/security to learn more about security rules. */
  "rules": {
    ".read": true,
    ".write": true
  }
}
[debug] [2020-05-31T10:18:01.426Z] <<< HTTP RESPONSE 200 {"server":"nginx","date":"Sun, 31 May 2020 10:18:01 GMT","content-type":"application/json; charset=utf-8","content-length":"15","connection":"keep-alive","access-control-allow-origin":"*","cache-control":"no-cache","strict-transport-security":"max-age=31556926; includeSubDomains; preload"}
[info] ✔  database: rules syntax for database aakash-knlgum is valid
[debug] [2020-05-31T10:18:01.431Z] >>> HTTP REQUEST POST https://firebasehosting.googleapis.com/v1beta1/sites/aakash-knlgum/versions  
 {"config":{"rewrites":[{"glob":"**","path":"/index.html"}]},"labels":{"deployment-tool":"cli-firebase"}}
[debug] [2020-05-31T10:18:03.269Z] <<< HTTP RESPONSE 200 {"content-type":"application/json; charset=UTF-8","vary":"X-Origin, Referer, Origin,Accept-Encoding","date":"Sun, 31 May 2020 10:18:03 GMT","server":"ESF","cache-control":"private","x-xss-protection":"0","x-frame-options":"SAMEORIGIN","x-content-type-options":"nosniff","alt-svc":"h3-27=\":443\"; ma=2592000,h3-25=\":443\"; ma=2592000,h3-T050=\":443\"; ma=2592000,h3-Q050=\":443\"; ma=2592000,h3-Q049=\":443\"; ma=2592000,h3-Q048=\":443\"; ma=2592000,h3-Q046=\":443\"; ma=2592000,h3-Q043=\":443\"; ma=2592000,quic=\":443\"; ma=2592000; v=\"46,43\"","accept-ranges":"none","transfer-encoding":"chunked"}
[info] i  hosting[aakash-knlgum]: beginning deploy...
[info] i  hosting[aakash-knlgum]: found 46 files in build
[debug] [2020-05-31T10:18:03.907Z] [hosting] hash cache [YnVpbGQ] stored for 46 files
[debug] [2020-05-31T10:18:03.908Z] [hosting][hash queue][FINAL] {"max":594,"min":16,"avg":33.6304347826087,"active":0,"complete":46,"success":46,"errored":0,"retried":0,"total":46,"elapsed":609}
[debug] [2020-05-31T10:18:03.908Z] >>> HTTP REQUEST POST https://firebasehosting.googleapis.com/v1beta1/projects/555332370217/sites/aakash-knlgum/versions/43bd8dfc9530c8ed:populateFiles  
 <request body omitted>
[debug] [2020-05-31T10:18:05.624Z] <<< HTTP RESPONSE 200 {"content-type":"application/json; charset=UTF-8","vary":"X-Origin, Referer, Origin,Accept-Encoding","date":"Sun, 31 May 2020 10:18:05 GMT","server":"ESF","cache-control":"private","x-xss-protection":"0","x-frame-options":"SAMEORIGIN","x-content-type-options":"nosniff","alt-svc":"h3-27=\":443\"; ma=2592000,h3-25=\":443\"; ma=2592000,h3-T050=\":443\"; ma=2592000,h3-Q050=\":443\"; ma=2592000,h3-Q049=\":443\"; ma=2592000,h3-Q048=\":443\"; ma=2592000,h3-Q046=\":443\"; ma=2592000,h3-Q043=\":443\"; ma=2592000,quic=\":443\"; ma=2592000; v=\"46,43\"","accept-ranges":"none","transfer-encoding":"chunked"}
[debug] [2020-05-31T10:18:05.630Z] [hosting][populate queue][FINAL] {"max":1719,"min":1719,"avg":1719,"active":0,"complete":1,"success":1,"errored":0,"retried":0,"total":1,"elapsed":1723}
[debug] [2020-05-31T10:18:05.630Z] [hosting] uploads queued: 6
[debug] [2020-05-31T10:18:09.004Z] [hosting][upload queue][FINAL] {"max":3379,"min":1945,"avg":2368.6666666666665,"active":0,"complete":6,"success":6,"errored":0,"retried":0,"total":6,"elapsed":3379}
[info] ✔  hosting[aakash-knlgum]: file upload complete
[debug] [2020-05-31T10:18:09.006Z] [hosting] deploy completed after 5734ms
[info] i  database: releasing rules...
[debug] [2020-05-31T10:18:09.009Z] >>> HTTP REQUEST PUT https://aakash-knlgum.firebaseio.com/.settings/rules.json  
 {
  /* Visit https://firebase.google.com/docs/database/security to learn more about security rules. */
  "rules": {
    ".read": true,
    ".write": true
  }
}
[debug] [2020-05-31T10:18:10.233Z] <<< HTTP RESPONSE 200 {"server":"nginx","date":"Sun, 31 May 2020 10:18:10 GMT","content-type":"application/json; charset=utf-8","content-length":"15","connection":"keep-alive","access-control-allow-origin":"*","cache-control":"no-cache","strict-transport-security":"max-age=31556926; includeSubDomains; preload"}
[info] ✔  database: rules for database aakash-knlgum released successfully
[debug] [2020-05-31T10:18:10.235Z] [
  {
    "config": {
      "public": "build",
      "rewrites": [
        {
          "source": "**",
          "destination": "/index.html"
        }
      ],
      "ignore": [
        "firebase.json",
        "**/.*",
        "**/node_modules/**"
      ],
      "site": "aakash-knlgum"
    },
    "site": "aakash-knlgum",
    "version": "projects/555332370217/sites/aakash-knlgum/versions/43bd8dfc9530c8ed"
  }
]
[info] i  hosting[aakash-knlgum]: finalizing version...
[debug] [2020-05-31T10:18:10.236Z] >>> HTTP REQUEST PATCH https://firebasehosting.googleapis.com/v1beta1/projects/555332370217/sites/aakash-knlgum/versions/43bd8dfc9530c8ed?updateMask=status  
 {"status":"FINALIZED"}
[debug] [2020-05-31T10:18:11.762Z] <<< HTTP RESPONSE 200 {"content-type":"application/json; charset=UTF-8","vary":"X-Origin, Referer, Origin,Accept-Encoding","date":"Sun, 31 May 2020 10:18:11 GMT","server":"ESF","cache-control":"private","x-xss-protection":"0","x-frame-options":"SAMEORIGIN","x-content-type-options":"nosniff","alt-svc":"h3-27=\":443\"; ma=2592000,h3-25=\":443\"; ma=2592000,h3-T050=\":443\"; ma=2592000,h3-Q050=\":443\"; ma=2592000,h3-Q049=\":443\"; ma=2592000,h3-Q048=\":443\"; ma=2592000,h3-Q046=\":443\"; ma=2592000,h3-Q043=\":443\"; ma=2592000,quic=\":443\"; ma=2592000; v=\"46,43\"","accept-ranges":"none","transfer-encoding":"chunked"}
[debug] [2020-05-31T10:18:11.764Z] [hosting] finalized version for aakash-knlgum: {"name":"projects/555332370217/sites/aakash-knlgum/versions/43bd8dfc9530c8ed","status":"FINALIZED","config":{"rewrites":[{"glob":"**","path":"/index.html"}]},"labels":{"deployment-tool":"cli-firebase"},"createTime":"2020-05-31T10:18:02.834174Z","createUser":{"email":"p.saiaakash518@gmail.com"},"finalizeTime":"2020-05-31T10:18:11.639836Z","finalizeUser":{"email":"p.saiaakash518@gmail.com"}}
[info] ✔  hosting[aakash-knlgum]: version finalized
[info] i  hosting[aakash-knlgum]: releasing new version...
[debug] [2020-05-31T10:18:11.766Z] >>> HTTP REQUEST POST https://firebasehosting.googleapis.com/v1beta1/sites/aakash-knlgum/releases?version_name=projects/555332370217/sites/aakash-knlgum/versions/43bd8dfc9530c8ed  
 {"message":null}
